mode: set
github.com/brian/sink/src/config.go:27.51,29.16 2 1
github.com/brian/sink/src/config.go:29.16,31.3 1 1
github.com/brian/sink/src/config.go:33.2,34.54 2 1
github.com/brian/sink/src/config.go:34.54,36.3 1 1
github.com/brian/sink/src/config.go:39.2,39.34 1 1
github.com/brian/sink/src/config.go:39.34,40.66 1 1
github.com/brian/sink/src/config.go:40.66,42.4 1 0
github.com/brian/sink/src/config.go:45.2,45.48 1 1
github.com/brian/sink/src/config.go:45.48,47.3 1 1
github.com/brian/sink/src/config.go:49.2,49.21 1 1
github.com/brian/sink/src/config.go:53.51,55.36 1 1
github.com/brian/sink/src/config.go:55.36,56.40 1 1
github.com/brian/sink/src/config.go:56.40,57.70 1 1
github.com/brian/sink/src/config.go:57.70,59.5 1 1
github.com/brian/sink/src/config.go:64.2,64.41 1 1
github.com/brian/sink/src/config.go:64.41,66.37 2 1
github.com/brian/sink/src/config.go:66.37,67.67 1 1
github.com/brian/sink/src/config.go:67.67,69.5 1 1
github.com/brian/sink/src/config.go:73.2,73.12 1 1
github.com/brian/sink/src/config.go:78.48,81.22 1 1
github.com/brian/sink/src/config.go:81.22,83.3 1 1
github.com/brian/sink/src/config.go:84.2,84.12 1 1
github.com/brian/sink/src/config.go:88.43,90.26 1 1
github.com/brian/sink/src/config.go:90.26,92.3 1 1
github.com/brian/sink/src/config.go:95.2,95.32 1 1
github.com/brian/sink/src/config.go:95.32,97.3 1 1
github.com/brian/sink/src/config.go:100.2,100.42 1 1
github.com/brian/sink/src/config.go:100.42,101.56 1 1
github.com/brian/sink/src/config.go:101.56,103.4 1 1
github.com/brian/sink/src/config.go:107.2,107.44 1 1
github.com/brian/sink/src/config.go:107.44,108.53 1 1
github.com/brian/sink/src/config.go:108.53,110.4 1 1
github.com/brian/sink/src/config.go:116.2,116.12 1 1
github.com/brian/sink/src/config.go:120.58,122.38 1 1
github.com/brian/sink/src/config.go:122.38,124.3 1 1
github.com/brian/sink/src/config.go:127.2,127.46 1 1
github.com/brian/sink/src/config.go:127.46,129.3 1 1
github.com/brian/sink/src/config.go:132.2,132.73 1 1
github.com/brian/sink/src/config.go:132.73,134.3 1 1
github.com/brian/sink/src/config.go:137.2,137.45 1 1
github.com/brian/sink/src/config.go:137.45,138.32 1 1
github.com/brian/sink/src/config.go:138.32,140.4 1 1
github.com/brian/sink/src/config.go:144.2,144.32 1 1
github.com/brian/sink/src/config.go:144.32,145.53 1 1
github.com/brian/sink/src/config.go:145.53,147.4 1 1
github.com/brian/sink/src/config.go:151.2,151.24 1 1
github.com/brian/sink/src/config.go:151.24,157.32 2 1
github.com/brian/sink/src/config.go:157.32,159.4 1 1
github.com/brian/sink/src/config.go:162.2,162.12 1 1
github.com/brian/sink/src/config.go:166.49,167.23 1 1
github.com/brian/sink/src/config.go:167.23,169.3 1 1
github.com/brian/sink/src/config.go:170.2,170.26 1 1
github.com/brian/sink/src/config.go:170.26,172.3 1 1
github.com/brian/sink/src/config.go:173.2,173.25 1 1
github.com/brian/sink/src/config.go:173.25,175.3 1 1
github.com/brian/sink/src/config.go:178.2,181.28 3 1
github.com/brian/sink/src/config.go:181.28,183.3 1 1
github.com/brian/sink/src/config.go:184.2,184.26 1 1
github.com/brian/sink/src/config.go:184.26,186.3 1 1
github.com/brian/sink/src/config.go:189.2,189.46 1 1
github.com/brian/sink/src/config.go:189.46,190.53 1 1
github.com/brian/sink/src/config.go:190.53,192.4 1 1
github.com/brian/sink/src/config.go:195.2,195.12 1 1
github.com/brian/sink/src/config.go:199.53,200.24 1 1
github.com/brian/sink/src/config.go:200.24,202.3 1 1
github.com/brian/sink/src/config.go:203.2,203.21 1 1
github.com/brian/sink/src/config.go:203.21,205.3 1 1
github.com/brian/sink/src/config.go:206.2,206.33 1 1
github.com/brian/sink/src/config.go:206.33,208.3 1 1
github.com/brian/sink/src/config.go:209.2,209.12 1 1
github.com/brian/sink/src/executor.go:21.49,31.2 3 1
github.com/brian/sink/src/executor.go:34.55,42.19 3 1
github.com/brian/sink/src/executor.go:42.19,44.3 1 1
github.com/brian/sink/src/executor.go:47.2,48.19 2 1
github.com/brian/sink/src/executor.go:48.19,50.3 1 1
github.com/brian/sink/src/executor.go:53.2,54.19 2 1
github.com/brian/sink/src/executor.go:54.19,56.3 1 1
github.com/brian/sink/src/executor.go:59.2,60.19 2 1
github.com/brian/sink/src/executor.go:60.19,62.3 1 1
github.com/brian/sink/src/executor.go:65.2,66.19 2 1
github.com/brian/sink/src/executor.go:66.19,68.3 1 1
github.com/brian/sink/src/executor.go:71.2,71.48 1 1
github.com/brian/sink/src/executor.go:71.48,73.3 1 1
github.com/brian/sink/src/executor.go:76.2,76.12 1 1
github.com/brian/sink/src/executor.go:80.50,82.2 1 1
github.com/brian/sink/src/executor.go:85.74,94.14 2 1
github.com/brian/sink/src/executor.go:94.14,107.3 2 1
github.com/brian/sink/src/executor.go:110.2,111.31 2 1
github.com/brian/sink/src/executor.go:112.19,113.49 1 1
github.com/brian/sink/src/executor.go:114.22,115.52 1 1
github.com/brian/sink/src/executor.go:116.26,117.56 1 1
github.com/brian/sink/src/executor.go:118.21,119.44 1 1
github.com/brian/sink/src/executor.go:120.10,125.4 1 0
github.com/brian/sink/src/executor.go:129.2,130.24 2 1
github.com/brian/sink/src/executor.go:130.24,132.3 1 1
github.com/brian/sink/src/executor.go:133.2,142.15 2 1
github.com/brian/sink/src/executor.go:146.81,149.45 2 1
github.com/brian/sink/src/executor.go:149.45,154.25 3 1
github.com/brian/sink/src/executor.go:154.25,155.9 1 1
github.com/brian/sink/src/executor.go:159.2,159.16 1 1
github.com/brian/sink/src/executor.go:163.93,165.47 1 1
github.com/brian/sink/src/executor.go:165.47,167.3 1 1
github.com/brian/sink/src/executor.go:170.2,171.16 2 1
github.com/brian/sink/src/executor.go:171.16,177.3 1 1
github.com/brian/sink/src/executor.go:180.2,182.33 2 1
github.com/brian/sink/src/executor.go:182.33,184.17 2 1
github.com/brian/sink/src/executor.go:184.17,186.4 1 0
github.com/brian/sink/src/executor.go:187.3,187.19 1 1
github.com/brian/sink/src/executor.go:187.19,189.4 1 1
github.com/brian/sink/src/executor.go:191.3,197.4 1 1
github.com/brian/sink/src/executor.go:200.2,205.3 1 1
github.com/brian/sink/src/executor.go:209.102,212.16 2 1
github.com/brian/sink/src/executor.go:212.16,218.3 1 0
github.com/brian/sink/src/executor.go:221.2,222.46 2 1
github.com/brian/sink/src/executor.go:222.46,224.17 2 1
github.com/brian/sink/src/executor.go:224.17,230.4 1 1
github.com/brian/sink/src/executor.go:231.3,231.24 1 1
github.com/brian/sink/src/executor.go:231.24,233.4 1 1
github.com/brian/sink/src/executor.go:237.2,244.34 6 1
github.com/brian/sink/src/executor.go:244.34,248.34 2 1
github.com/brian/sink/src/executor.go:248.34,256.4 2 1
github.com/brian/sink/src/executor.go:259.3,262.19 3 1
github.com/brian/sink/src/executor.go:262.19,264.4 1 0
github.com/brian/sink/src/executor.go:264.9,264.24 1 1
github.com/brian/sink/src/executor.go:264.24,266.4 1 0
github.com/brian/sink/src/executor.go:266.9,268.4 1 1
github.com/brian/sink/src/executor.go:271.3,271.27 1 1
github.com/brian/sink/src/executor.go:275.2,284.3 3 1
github.com/brian/sink/src/executor.go:288.101,291.16 2 1
github.com/brian/sink/src/executor.go:291.16,297.3 1 0
github.com/brian/sink/src/executor.go:300.2,302.19 2 1
github.com/brian/sink/src/executor.go:302.19,309.3 1 1
github.com/brian/sink/src/executor.go:311.2,315.3 1 1
github.com/brian/sink/src/executor.go:319.112,322.16 2 1
github.com/brian/sink/src/executor.go:322.16,328.3 1 0
github.com/brian/sink/src/executor.go:331.2,333.19 2 1
github.com/brian/sink/src/executor.go:333.19,340.3 1 1
github.com/brian/sink/src/executor.go:343.2,344.45 2 1
github.com/brian/sink/src/executor.go:344.45,349.28 3 1
github.com/brian/sink/src/executor.go:349.28,356.4 1 1
github.com/brian/sink/src/executor.go:359.2,364.3 1 1
github.com/brian/sink/src/executor.go:368.88,370.55 1 1
github.com/brian/sink/src/executor.go:370.55,372.3 1 1
github.com/brian/sink/src/executor.go:375.2,376.16 2 1
github.com/brian/sink/src/executor.go:376.16,382.3 1 0
github.com/brian/sink/src/executor.go:385.2,387.33 2 1
github.com/brian/sink/src/executor.go:387.33,389.17 2 1
github.com/brian/sink/src/executor.go:389.17,391.4 1 0
github.com/brian/sink/src/executor.go:392.3,392.19 1 1
github.com/brian/sink/src/executor.go:392.19,394.4 1 1
github.com/brian/sink/src/executor.go:396.3,402.4 1 1
github.com/brian/sink/src/executor.go:405.2,410.3 1 1
github.com/brian/sink/src/executor.go:414.97,417.16 2 1
github.com/brian/sink/src/executor.go:417.16,423.3 1 0
github.com/brian/sink/src/executor.go:426.2,427.54 2 1
github.com/brian/sink/src/executor.go:427.54,429.17 2 1
github.com/brian/sink/src/executor.go:429.17,435.4 1 0
github.com/brian/sink/src/executor.go:436.3,436.24 1 1
github.com/brian/sink/src/executor.go:436.24,438.4 1 1
github.com/brian/sink/src/executor.go:442.2,449.34 6 1
github.com/brian/sink/src/executor.go:449.34,453.34 2 1
github.com/brian/sink/src/executor.go:453.34,461.4 2 1
github.com/brian/sink/src/executor.go:464.3,467.19 3 1
github.com/brian/sink/src/executor.go:467.19,469.4 1 0
github.com/brian/sink/src/executor.go:469.9,469.24 1 1
github.com/brian/sink/src/executor.go:469.24,471.4 1 0
github.com/brian/sink/src/executor.go:471.9,473.4 1 1
github.com/brian/sink/src/executor.go:476.3,476.27 1 1
github.com/brian/sink/src/executor.go:480.2,489.3 3 0
github.com/brian/sink/src/executor.go:493.88,499.2 1 1
github.com/brian/sink/src/executor.go:502.77,503.18 1 1
github.com/brian/sink/src/executor.go:503.18,505.3 1 1
github.com/brian/sink/src/executor.go:507.2,508.16 2 1
github.com/brian/sink/src/executor.go:508.16,510.3 1 1
github.com/brian/sink/src/executor.go:512.2,513.50 2 1
github.com/brian/sink/src/executor.go:513.50,515.3 1 0
github.com/brian/sink/src/executor.go:517.2,517.26 1 1
github.com/brian/sink/src/executor.go:521.52,525.22 2 1
github.com/brian/sink/src/executor.go:525.22,527.3 1 1
github.com/brian/sink/src/executor.go:531.29,533.2 1 1
github.com/brian/sink/src/facts.go:23.89,29.2 1 1
github.com/brian/sink/src/facts.go:32.49,35.40 2 1
github.com/brian/sink/src/facts.go:35.40,37.29 1 1
github.com/brian/sink/src/facts.go:37.29,39.43 2 1
github.com/brian/sink/src/facts.go:39.43,40.33 1 1
github.com/brian/sink/src/facts.go:40.33,42.11 2 0
github.com/brian/sink/src/facts.go:45.4,45.16 1 1
github.com/brian/sink/src/facts.go:45.16,46.13 1 1
github.com/brian/sink/src/facts.go:51.3,54.34 2 1
github.com/brian/sink/src/facts.go:54.34,55.20 1 1
github.com/brian/sink/src/facts.go:55.20,57.5 1 1
github.com/brian/sink/src/facts.go:59.4,59.12 1 1
github.com/brian/sink/src/facts.go:63.3,66.27 2 1
github.com/brian/sink/src/facts.go:66.27,68.18 2 1
github.com/brian/sink/src/facts.go:68.18,69.21 1 1
github.com/brian/sink/src/facts.go:69.21,71.6 1 1
github.com/brian/sink/src/facts.go:72.5,72.13 1 0
github.com/brian/sink/src/facts.go:74.4,74.23 1 1
github.com/brian/sink/src/facts.go:78.3,79.17 2 1
github.com/brian/sink/src/facts.go:79.17,80.20 1 0
github.com/brian/sink/src/facts.go:80.20,82.5 1 0
github.com/brian/sink/src/facts.go:83.4,83.12 1 0
github.com/brian/sink/src/facts.go:86.3,86.27 1 1
github.com/brian/sink/src/facts.go:89.2,89.19 1 1
github.com/brian/sink/src/facts.go:93.54,96.33 2 1
github.com/brian/sink/src/facts.go:96.33,98.30 2 1
github.com/brian/sink/src/facts.go:98.30,99.12 1 0
github.com/brian/sink/src/facts.go:103.3,104.28 2 1
github.com/brian/sink/src/facts.go:105.15,106.16 1 1
github.com/brian/sink/src/facts.go:107.13,108.36 1 1
github.com/brian/sink/src/facts.go:109.14,110.39 1 0
github.com/brian/sink/src/facts.go:111.11,112.35 1 0
github.com/brian/sink/src/facts.go:115.3,115.72 1 1
github.com/brian/sink/src/facts.go:118.2,118.16 1 1
github.com/brian/sink/src/facts.go:122.93,123.22 1 1
github.com/brian/sink/src/facts.go:123.22,125.3 1 1
github.com/brian/sink/src/facts.go:127.2,127.45 1 1
github.com/brian/sink/src/facts.go:127.45,129.3 1 1
github.com/brian/sink/src/facts.go:131.2,131.12 1 1
github.com/brian/sink/src/facts.go:131.12,133.3 1 1
github.com/brian/sink/src/facts.go:135.2,135.19 1 1
github.com/brian/sink/src/facts.go:139.64,140.13 1 1
github.com/brian/sink/src/facts.go:141.20,142.20 1 1
github.com/brian/sink/src/facts.go:143.17,144.22 1 1
github.com/brian/sink/src/facts.go:144.22,146.4 1 1
github.com/brian/sink/src/facts.go:147.3,147.23 1 1
github.com/brian/sink/src/facts.go:147.23,149.4 1 1
github.com/brian/sink/src/facts.go:150.3,150.66 1 1
github.com/brian/sink/src/facts.go:151.17,153.17 2 1
github.com/brian/sink/src/facts.go:153.17,155.4 1 1
github.com/brian/sink/src/facts.go:156.3,156.16 1 1
github.com/brian/sink/src/facts.go:157.10,158.51 1 0
github.com/brian/sink/src/main.go:13.13,14.22 1 0
github.com/brian/sink/src/main.go:14.22,17.3 2 0
github.com/brian/sink/src/main.go:19.2,21.17 2 0
github.com/brian/sink/src/main.go:22.36,23.43 1 0
github.com/brian/sink/src/main.go:24.25,25.19 1 0
github.com/brian/sink/src/main.go:26.15,27.17 1 0
github.com/brian/sink/src/main.go:28.18,29.20 1 0
github.com/brian/sink/src/main.go:30.30,31.15 1 0
github.com/brian/sink/src/main.go:32.10,35.13 3 0
github.com/brian/sink/src/main.go:39.19,64.2 1 0
github.com/brian/sink/src/main.go:66.23,73.33 5 0
github.com/brian/sink/src/main.go:73.33,75.14 2 0
github.com/brian/sink/src/main.go:76.20,77.17 1 0
github.com/brian/sink/src/main.go:78.21,79.23 1 0
github.com/brian/sink/src/main.go:79.23,82.5 2 0
github.com/brian/sink/src/main.go:82.10,85.5 2 0
github.com/brian/sink/src/main.go:86.11,87.24 1 0
github.com/brian/sink/src/main.go:87.24,89.5 1 0
github.com/brian/sink/src/main.go:89.10,92.5 2 0
github.com/brian/sink/src/main.go:96.2,96.22 1 0
github.com/brian/sink/src/main.go:96.22,99.3 2 0
github.com/brian/sink/src/main.go:102.2,103.16 2 0
github.com/brian/sink/src/main.go:103.16,106.3 2 0
github.com/brian/sink/src/main.go:109.2,115.16 5 0
github.com/brian/sink/src/main.go:115.16,118.3 2 0
github.com/brian/sink/src/main.go:121.2,121.20 1 0
github.com/brian/sink/src/main.go:121.20,123.34 2 0
github.com/brian/sink/src/main.go:123.34,125.4 1 0
github.com/brian/sink/src/main.go:129.2,130.28 2 0
github.com/brian/sink/src/main.go:130.28,133.3 2 0
github.com/brian/sink/src/main.go:136.2,137.34 2 0
github.com/brian/sink/src/main.go:137.34,138.41 1 0
github.com/brian/sink/src/main.go:138.41,140.9 2 0
github.com/brian/sink/src/main.go:144.2,144.29 1 0
github.com/brian/sink/src/main.go:144.29,147.3 2 0
github.com/brian/sink/src/main.go:149.2,166.12 13 0
github.com/brian/sink/src/main.go:166.12,169.3 2 0
github.com/brian/sink/src/main.go:169.8,180.24 5 0
github.com/brian/sink/src/main.go:180.24,183.4 2 0
github.com/brian/sink/src/main.go:184.3,184.16 1 0
github.com/brian/sink/src/main.go:188.2,189.48 2 0
github.com/brian/sink/src/main.go:189.48,190.32 1 0
github.com/brian/sink/src/main.go:190.32,193.4 2 0
github.com/brian/sink/src/main.go:193.9,193.39 1 0
github.com/brian/sink/src/main.go:193.39,195.37 2 0
github.com/brian/sink/src/main.go:195.37,198.41 2 0
github.com/brian/sink/src/main.go:198.41,200.6 1 0
github.com/brian/sink/src/main.go:202.9,202.38 1 0
github.com/brian/sink/src/main.go:202.38,204.4 1 0
github.com/brian/sink/src/main.go:204.9,204.39 1 0
github.com/brian/sink/src/main.go:204.39,206.4 1 0
github.com/brian/sink/src/main.go:210.2,216.33 5 0
github.com/brian/sink/src/main.go:216.33,217.25 1 0
github.com/brian/sink/src/main.go:217.25,219.4 1 0
github.com/brian/sink/src/main.go:219.9,221.4 1 0
github.com/brian/sink/src/main.go:224.2,224.19 1 0
github.com/brian/sink/src/main.go:224.19,227.3 2 0
github.com/brian/sink/src/main.go:227.8,228.13 1 0
github.com/brian/sink/src/main.go:228.13,230.4 1 0
github.com/brian/sink/src/main.go:230.9,232.4 1 0
github.com/brian/sink/src/main.go:236.21,237.22 1 0
github.com/brian/sink/src/main.go:237.22,241.3 3 0
github.com/brian/sink/src/main.go:243.2,247.16 3 0
github.com/brian/sink/src/main.go:247.16,250.3 2 0
github.com/brian/sink/src/main.go:252.2,252.28 1 0
github.com/brian/sink/src/main.go:252.28,255.3 2 0
github.com/brian/sink/src/main.go:258.2,265.16 6 0
github.com/brian/sink/src/main.go:265.16,268.3 2 0
github.com/brian/sink/src/main.go:271.2,272.33 2 0
github.com/brian/sink/src/main.go:272.33,277.23 5 0
github.com/brian/sink/src/main.go:277.23,279.4 1 0
github.com/brian/sink/src/main.go:280.3,280.28 1 0
github.com/brian/sink/src/main.go:280.28,282.4 1 0
github.com/brian/sink/src/main.go:283.3,283.16 1 0
github.com/brian/sink/src/main.go:287.2,288.22 2 0
github.com/brian/sink/src/main.go:288.22,290.31 2 0
github.com/brian/sink/src/main.go:290.31,292.4 1 0
github.com/brian/sink/src/main.go:296.24,297.22 1 0
github.com/brian/sink/src/main.go:297.22,301.3 3 0
github.com/brian/sink/src/main.go:303.2,307.16 3 0
github.com/brian/sink/src/main.go:307.16,310.3 2 0
github.com/brian/sink/src/main.go:313.2,319.44 6 0
github.com/brian/sink/src/main.go:319.44,322.38 3 0
github.com/brian/sink/src/main.go:322.38,324.48 2 0
github.com/brian/sink/src/main.go:324.48,326.5 1 0
github.com/brian/sink/src/main.go:331.2,331.28 1 0
github.com/brian/sink/src/main.go:331.28,335.3 3 0
github.com/brian/sink/src/transport.go:17.42,19.2 1 1
github.com/brian/sink/src/transport.go:22.96,27.22 3 1
github.com/brian/sink/src/transport.go:28.17,30.19 2 0
github.com/brian/sink/src/transport.go:31.10,34.19 2 1
github.com/brian/sink/src/transport.go:38.2,46.19 5 1
github.com/brian/sink/src/transport.go:46.19,48.3 1 1
github.com/brian/sink/src/transport.go:48.8,50.3 1 1
github.com/brian/sink/src/transport.go:53.2,53.22 1 1
github.com/brian/sink/src/transport.go:53.22,55.3 1 1
github.com/brian/sink/src/transport.go:58.2,62.16 3 1
github.com/brian/sink/src/transport.go:62.16,63.47 1 1
github.com/brian/sink/src/transport.go:63.47,67.4 2 1
github.com/brian/sink/src/transport.go:70.3,70.34 1 1
github.com/brian/sink/src/transport.go:70.34,74.4 1 0
github.com/brian/sink/src/transport.go:77.2,80.38 3 1
github.com/brian/sink/src/types.go:58.57,61.51 2 1
github.com/brian/sink/src/types.go:61.51,63.3 1 0
github.com/brian/sink/src/types.go:66.2,75.16 7 1
github.com/brian/sink/src/types.go:75.16,78.52 2 1
github.com/brian/sink/src/types.go:78.52,80.4 1 0
github.com/brian/sink/src/types.go:81.3,81.16 1 1
github.com/brian/sink/src/types.go:82.8,82.37 1 1
github.com/brian/sink/src/types.go:82.37,85.51 2 1
github.com/brian/sink/src/types.go:85.51,87.4 1 0
github.com/brian/sink/src/types.go:88.3,88.15 1 1
github.com/brian/sink/src/types.go:89.8,89.33 1 1
github.com/brian/sink/src/types.go:89.33,92.51 2 1
github.com/brian/sink/src/types.go:92.51,94.4 1 0
github.com/brian/sink/src/types.go:95.3,95.15 1 1
github.com/brian/sink/src/types.go:96.8,96.40 1 1
github.com/brian/sink/src/types.go:96.40,99.51 2 0
github.com/brian/sink/src/types.go:99.51,101.4 1 0
github.com/brian/sink/src/types.go:102.3,102.15 1 0
github.com/brian/sink/src/types.go:103.8,105.3 1 1
github.com/brian/sink/src/types.go:107.2,107.12 1 1
github.com/brian/sink/src/types.go:124.30,124.31 0 0
github.com/brian/sink/src/types.go:132.33,132.34 0 0
github.com/brian/sink/src/types.go:140.37,140.38 0 0
github.com/brian/sink/src/types.go:147.32,147.33 0 0
